  UniqueSolution.cpp
C:\Users\noah\source\repos\UniqueSolution\UniqueSolution.cpp(17,16): warning C4244:  'argument': conversion from 'double' to 'const unsigned int', possible loss of data
C:\Users\noah\source\repos\UniqueSolution\UniqueSolution.cpp(17,27): warning C4244:  'argument': conversion from 'double' to 'const unsigned int', possible loss of data
C:\Users\noah\source\repos\UniqueSolution\UniqueSolution.cpp(25,42): warning C4244:  'argument': conversion from 'double' to 'const unsigned int', possible loss of data
C:\Users\noah\source\repos\UniqueSolution\UniqueSolution.cpp(25,45): warning C4244:  'argument': conversion from 'double' to 'const unsigned int', possible loss of data
C:\Users\noah\source\repos\UniqueSolution\UniqueSolution.cpp(25,27): warning C4018:  '<': signed/unsigned mismatch
C:\Users\noah\source\repos\UniqueSolution\UniqueSolution.cpp(27,26): warning C4244:  'argument': conversion from 'double' to 'const unsigned int', possible loss of data
C:\Users\noah\source\repos\UniqueSolution\UniqueSolution.cpp(27,29): warning C4244:  'argument': conversion from 'double' to 'const unsigned int', possible loss of data
C:\Users\noah\source\repos\UniqueSolution\UniqueSolution.cpp(32,37): warning C4244:  'argument': conversion from 'double' to 'const unsigned int', possible loss of data
C:\Users\noah\source\repos\UniqueSolution\UniqueSolution.cpp(32,40): warning C4244:  'argument': conversion from 'double' to 'const unsigned int', possible loss of data
C:\Users\noah\source\repos\UniqueSolution\UniqueSolution.cpp(36,38): warning C4244:  'argument': conversion from 'double' to 'const unsigned int', possible loss of data
C:\Users\noah\source\repos\UniqueSolution\UniqueSolution.cpp(36,41): warning C4244:  'argument': conversion from 'double' to 'const unsigned int', possible loss of data
C:\Users\noah\source\repos\UniqueSolution\UniqueSolution.cpp(45,22): warning C4244:  'argument': conversion from 'double' to 'const unsigned int', possible loss of data
C:\Users\noah\source\repos\UniqueSolution\UniqueSolution.cpp(45,25): warning C4244:  'argument': conversion from 'double' to 'const unsigned int', possible loss of data
C:\Users\noah\source\repos\UniqueSolution\UniqueSolution.cpp(49,23): warning C4244:  'argument': conversion from 'double' to 'const unsigned int', possible loss of data
C:\Users\noah\source\repos\UniqueSolution\UniqueSolution.cpp(49,26): warning C4244:  'argument': conversion from 'double' to 'const unsigned int', possible loss of data
C:\Users\noah\source\repos\UniqueSolution\UniqueSolution.cpp(52,23): warning C4244:  'argument': conversion from 'double' to 'const unsigned int', possible loss of data
C:\Users\noah\source\repos\UniqueSolution\UniqueSolution.cpp(52,26): warning C4244:  'argument': conversion from 'double' to 'const unsigned int', possible loss of data
C:\Users\noah\source\repos\UniqueSolution\UniqueSolution.cpp(59,42): warning C4244:  'argument': conversion from 'double' to 'const unsigned int', possible loss of data
C:\Users\noah\source\repos\UniqueSolution\UniqueSolution.cpp(59,45): warning C4244:  'argument': conversion from 'double' to 'const unsigned int', possible loss of data
C:\Users\noah\source\repos\UniqueSolution\UniqueSolution.cpp(59,27): warning C4018:  '<': signed/unsigned mismatch
C:\Users\noah\source\repos\UniqueSolution\UniqueSolution.cpp(61,26): warning C4244:  'argument': conversion from 'double' to 'const unsigned int', possible loss of data
C:\Users\noah\source\repos\UniqueSolution\UniqueSolution.cpp(61,29): warning C4244:  'argument': conversion from 'double' to 'const unsigned int', possible loss of data
C:\Users\noah\source\repos\UniqueSolution\UniqueSolution.cpp(67,27): warning C4244:  'argument': conversion from 'double' to 'const unsigned int', possible loss of data
C:\Users\noah\source\repos\UniqueSolution\UniqueSolution.cpp(67,30): warning C4244:  'argument': conversion from 'double' to 'const unsigned int', possible loss of data
C:\Users\noah\source\repos\UniqueSolution\UniqueSolution.cpp(71,31): warning C4244:  'argument': conversion from 'double' to 'const unsigned int', possible loss of data
C:\Users\noah\source\repos\UniqueSolution\UniqueSolution.cpp(71,34): warning C4244:  'argument': conversion from 'double' to 'const unsigned int', possible loss of data
C:\Users\noah\source\repos\UniqueSolution\UniqueSolution.cpp(79,22): warning C4244:  'argument': conversion from 'double' to 'const unsigned int', possible loss of data
C:\Users\noah\source\repos\UniqueSolution\UniqueSolution.cpp(79,25): warning C4244:  'argument': conversion from 'double' to 'const unsigned int', possible loss of data
C:\Users\noah\source\repos\UniqueSolution\UniqueSolution.cpp(84,23): warning C4244:  'argument': conversion from 'double' to 'const unsigned int', possible loss of data
C:\Users\noah\source\repos\UniqueSolution\UniqueSolution.cpp(84,26): warning C4244:  'argument': conversion from 'double' to 'const unsigned int', possible loss of data
C:\Users\noah\source\repos\UniqueSolution\UniqueSolution.cpp(87,23): warning C4244:  'argument': conversion from 'double' to 'const unsigned int', possible loss of data
C:\Users\noah\source\repos\UniqueSolution\UniqueSolution.cpp(87,26): warning C4244:  'argument': conversion from 'double' to 'const unsigned int', possible loss of data
C:\Users\noah\source\repos\UniqueSolution\UniqueSolution.cpp(94,42): warning C4244:  'argument': conversion from 'double' to 'const unsigned int', possible loss of data
C:\Users\noah\source\repos\UniqueSolution\UniqueSolution.cpp(94,45): warning C4244:  'argument': conversion from 'double' to 'const unsigned int', possible loss of data
C:\Users\noah\source\repos\UniqueSolution\UniqueSolution.cpp(94,27): warning C4018:  '<': signed/unsigned mismatch
C:\Users\noah\source\repos\UniqueSolution\UniqueSolution.cpp(95,25): warning C4244:  'argument': conversion from 'double' to 'const unsigned int', possible loss of data
C:\Users\noah\source\repos\UniqueSolution\UniqueSolution.cpp(95,28): warning C4244:  'argument': conversion from 'double' to 'const unsigned int', possible loss of data
C:\Users\noah\source\repos\UniqueSolution\UniqueSolution.cpp(100,21): warning C4244:  'argument': conversion from 'double' to 'const unsigned int', possible loss of data
C:\Users\noah\source\repos\UniqueSolution\UniqueSolution.cpp(100,24): warning C4244:  'argument': conversion from 'double' to 'const unsigned int', possible loss of data
C:\Users\noah\source\repos\UniqueSolution\UniqueSolution.cpp(105,42): warning C4244:  'argument': conversion from 'double' to 'const unsigned int', possible loss of data
C:\Users\noah\source\repos\UniqueSolution\UniqueSolution.cpp(105,45): warning C4244:  'argument': conversion from 'double' to 'const unsigned int', possible loss of data
C:\Users\noah\source\repos\UniqueSolution\UniqueSolution.cpp(105,27): warning C4018:  '<': signed/unsigned mismatch
C:\Users\noah\source\repos\UniqueSolution\UniqueSolution.cpp(106,25): warning C4244:  'argument': conversion from 'double' to 'const unsigned int', possible loss of data
C:\Users\noah\source\repos\UniqueSolution\UniqueSolution.cpp(106,28): warning C4244:  'argument': conversion from 'double' to 'const unsigned int', possible loss of data
C:\Users\noah\source\repos\UniqueSolution\UniqueSolution.cpp(111,21): warning C4244:  'argument': conversion from 'double' to 'const unsigned int', possible loss of data
C:\Users\noah\source\repos\UniqueSolution\UniqueSolution.cpp(111,24): warning C4244:  'argument': conversion from 'double' to 'const unsigned int', possible loss of data
C:\Users\noah\source\repos\UniqueSolution\UniqueSolution.cpp(116,42): warning C4244:  'argument': conversion from 'double' to 'const unsigned int', possible loss of data
C:\Users\noah\source\repos\UniqueSolution\UniqueSolution.cpp(116,45): warning C4244:  'argument': conversion from 'double' to 'const unsigned int', possible loss of data
C:\Users\noah\source\repos\UniqueSolution\UniqueSolution.cpp(116,27): warning C4018:  '<': signed/unsigned mismatch
C:\Users\noah\source\repos\UniqueSolution\UniqueSolution.cpp(117,25): warning C4244:  'argument': conversion from 'double' to 'const unsigned int', possible loss of data
C:\Users\noah\source\repos\UniqueSolution\UniqueSolution.cpp(117,28): warning C4244:  'argument': conversion from 'double' to 'const unsigned int', possible loss of data
C:\Users\noah\source\repos\UniqueSolution\UniqueSolution.cpp(122,21): warning C4244:  'argument': conversion from 'double' to 'const unsigned int', possible loss of data
C:\Users\noah\source\repos\UniqueSolution\UniqueSolution.cpp(122,24): warning C4244:  'argument': conversion from 'double' to 'const unsigned int', possible loss of data
C:\Users\noah\source\repos\UniqueSolution\UniqueSolution.cpp(127,42): warning C4244:  'argument': conversion from 'double' to 'const unsigned int', possible loss of data
C:\Users\noah\source\repos\UniqueSolution\UniqueSolution.cpp(127,45): warning C4244:  'argument': conversion from 'double' to 'const unsigned int', possible loss of data
C:\Users\noah\source\repos\UniqueSolution\UniqueSolution.cpp(127,27): warning C4018:  '<': signed/unsigned mismatch
C:\Users\noah\source\repos\UniqueSolution\UniqueSolution.cpp(128,25): warning C4244:  'argument': conversion from 'double' to 'const unsigned int', possible loss of data
C:\Users\noah\source\repos\UniqueSolution\UniqueSolution.cpp(128,28): warning C4244:  'argument': conversion from 'double' to 'const unsigned int', possible loss of data
C:\Users\noah\source\repos\UniqueSolution\UniqueSolution.cpp(133,21): warning C4244:  'argument': conversion from 'double' to 'const unsigned int', possible loss of data
C:\Users\noah\source\repos\UniqueSolution\UniqueSolution.cpp(133,24): warning C4244:  'argument': conversion from 'double' to 'const unsigned int', possible loss of data
C:\Users\noah\source\repos\UniqueSolution\UniqueSolution.cpp(169,20): warning C4018:  '<': signed/unsigned mismatch
C:\Users\noah\source\repos\UniqueSolution\UniqueSolution.cpp(186,22): warning C4018:  '<': signed/unsigned mismatch
C:\Users\noah\source\repos\UniqueSolution\UniqueSolution.cpp(187,33): warning C4244:  'argument': conversion from '_Ty' to 'const unsigned int', possible loss of data
C:\Users\noah\source\repos\UniqueSolution\UniqueSolution.cpp(187,33): warning C4244:         with
C:\Users\noah\source\repos\UniqueSolution\UniqueSolution.cpp(187,33): warning C4244:         [
C:\Users\noah\source\repos\UniqueSolution\UniqueSolution.cpp(187,33): warning C4244:             _Ty=double
C:\Users\noah\source\repos\UniqueSolution\UniqueSolution.cpp(187,33): warning C4244:         ]
C:\Users\noah\source\repos\UniqueSolution\UniqueSolution.cpp(187,80): warning C4244:  'argument': conversion from '_Ty' to 'const unsigned int', possible loss of data
C:\Users\noah\source\repos\UniqueSolution\UniqueSolution.cpp(187,80): warning C4244:         with
C:\Users\noah\source\repos\UniqueSolution\UniqueSolution.cpp(187,80): warning C4244:         [
C:\Users\noah\source\repos\UniqueSolution\UniqueSolution.cpp(187,80): warning C4244:             _Ty=double
C:\Users\noah\source\repos\UniqueSolution\UniqueSolution.cpp(187,80): warning C4244:         ]
C:\Users\noah\source\repos\UniqueSolution\UniqueSolution.cpp(192,33): warning C4244:  'argument': conversion from '_Ty' to 'const unsigned int', possible loss of data
C:\Users\noah\source\repos\UniqueSolution\UniqueSolution.cpp(192,33): warning C4244:         with
C:\Users\noah\source\repos\UniqueSolution\UniqueSolution.cpp(192,33): warning C4244:         [
C:\Users\noah\source\repos\UniqueSolution\UniqueSolution.cpp(192,33): warning C4244:             _Ty=double
C:\Users\noah\source\repos\UniqueSolution\UniqueSolution.cpp(192,33): warning C4244:         ]
C:\Users\noah\source\repos\UniqueSolution\UniqueSolution.cpp(192,81): warning C4244:  'argument': conversion from '_Ty' to 'const unsigned int', possible loss of data
C:\Users\noah\source\repos\UniqueSolution\UniqueSolution.cpp(192,81): warning C4244:         with
C:\Users\noah\source\repos\UniqueSolution\UniqueSolution.cpp(192,81): warning C4244:         [
C:\Users\noah\source\repos\UniqueSolution\UniqueSolution.cpp(192,81): warning C4244:             _Ty=double
C:\Users\noah\source\repos\UniqueSolution\UniqueSolution.cpp(192,81): warning C4244:         ]
C:\Users\noah\source\repos\UniqueSolution\UniqueSolution.cpp(199,22): warning C4018:  '<': signed/unsigned mismatch
C:\Users\noah\source\repos\UniqueSolution\UniqueSolution.cpp(233,23): warning C4018:  '<': signed/unsigned mismatch
C:\Users\noah\source\repos\UniqueSolution\UniqueSolution.cpp(237,28): warning C4244:  'argument': conversion from 'double' to 'const unsigned int', possible loss of data
C:\Users\noah\source\repos\UniqueSolution\UniqueSolution.cpp(238,32): warning C4244:  'argument': conversion from 'double' to 'const unsigned int', possible loss of data
C:\Users\noah\source\repos\UniqueSolution\UniqueSolution.cpp(239,32): warning C4244:  'argument': conversion from 'double' to 'const unsigned int', possible loss of data
C:\Users\noah\source\repos\UniqueSolution\UniqueSolution.cpp(242,23): warning C4018:  '<': signed/unsigned mismatch
C:\Users\noah\source\repos\UniqueSolution\UniqueSolution.cpp(250,25): warning C4018:  '<': signed/unsigned mismatch
C:\Users\noah\source\repos\UniqueSolution\UniqueSolution.cpp(257,25): warning C4018:  '<': signed/unsigned mismatch
C:\Users\noah\source\repos\UniqueSolution\UniqueSolution.cpp(267,25): warning C4018:  '<': signed/unsigned mismatch
C:\Users\noah\source\repos\UniqueSolution\UniqueSolution.cpp(274,25): warning C4018:  '<': signed/unsigned mismatch
C:\Users\noah\source\repos\UniqueSolution\UniqueSolution.cpp(281,24): warning C4018:  '<': signed/unsigned mismatch
C:\Users\noah\source\repos\UniqueSolution\UniqueSolution.cpp(290,25): warning C4018:  '<': signed/unsigned mismatch
C:\Users\noah\source\repos\UniqueSolution\UniqueSolution.cpp(298,25): warning C4018:  '<': signed/unsigned mismatch
C:\Users\noah\source\repos\UniqueSolution\UniqueSolution.cpp(311,20): warning C4018:  '<': signed/unsigned mismatch
C:\Users\noah\source\repos\UniqueSolution\UniqueSolution.cpp(315,20): warning C4018:  '<': signed/unsigned mismatch
C:\Users\noah\source\repos\UniqueSolution\UniqueSolution.cpp(319,20): warning C4018:  '<': signed/unsigned mismatch
C:\Users\noah\source\repos\UniqueSolution\UniqueSolution.cpp(323,20): warning C4018:  '<': signed/unsigned mismatch
C:\Users\noah\source\repos\UniqueSolution\UniqueSolution.cpp(327,20): warning C4018:  '<': signed/unsigned mismatch
C:\Users\noah\source\repos\UniqueSolution\UniqueSolution.cpp(331,20): warning C4018:  '<': signed/unsigned mismatch
C:\Users\noah\source\repos\UniqueSolution\UniqueSolution.cpp(347,22): warning C4018:  '<': signed/unsigned mismatch
C:\Users\noah\source\repos\UniqueSolution\UniqueSolution.cpp(348,22): warning C4244:  'argument': conversion from 'double' to 'const unsigned int', possible loss of data
C:\Users\noah\source\repos\UniqueSolution\UniqueSolution.cpp(353,23): warning C4244:  'argument': conversion from 'double' to 'const unsigned int', possible loss of data
C:\Users\noah\source\repos\UniqueSolution\UniqueSolution.cpp(360,22): warning C4018:  '<': signed/unsigned mismatch
C:\Users\noah\source\repos\UniqueSolution\UniqueSolution.cpp(360,43): warning C4018:  '<': signed/unsigned mismatch
C:\Users\noah\source\repos\UniqueSolution\UniqueSolution.cpp(362,41): warning C4244:  'argument': conversion from 'double' to 'const unsigned int', possible loss of data
C:\Users\noah\source\repos\UniqueSolution\UniqueSolution.cpp(362,95): warning C4244:  'argument': conversion from 'double' to 'const unsigned int', possible loss of data
C:\Users\noah\source\repos\UniqueSolution\UniqueSolution.cpp(365,41): warning C4244:  'argument': conversion from 'double' to 'const unsigned int', possible loss of data
C:\Users\noah\source\repos\UniqueSolution\UniqueSolution.cpp(365,94): warning C4244:  'argument': conversion from 'double' to 'const unsigned int', possible loss of data
C:\Users\noah\source\repos\UniqueSolution\UniqueSolution.cpp(401,23): warning C4018:  '<': signed/unsigned mismatch
C:\Users\noah\source\repos\UniqueSolution\UniqueSolution.cpp(407,28): warning C4244:  'argument': conversion from 'double' to 'const unsigned int', possible loss of data
C:\Users\noah\source\repos\UniqueSolution\UniqueSolution.cpp(408,32): warning C4244:  'argument': conversion from 'double' to 'const unsigned int', possible loss of data
C:\Users\noah\source\repos\UniqueSolution\UniqueSolution.cpp(409,32): warning C4244:  'argument': conversion from 'double' to 'const unsigned int', possible loss of data
C:\Users\noah\source\repos\UniqueSolution\UniqueSolution.cpp(412,23): warning C4018:  '<': signed/unsigned mismatch
C:\Users\noah\source\repos\UniqueSolution\UniqueSolution.cpp(420,25): warning C4018:  '<': signed/unsigned mismatch
C:\Users\noah\source\repos\UniqueSolution\UniqueSolution.cpp(427,25): warning C4018:  '<': signed/unsigned mismatch
C:\Users\noah\source\repos\UniqueSolution\UniqueSolution.cpp(437,25): warning C4018:  '<': signed/unsigned mismatch
C:\Users\noah\source\repos\UniqueSolution\UniqueSolution.cpp(444,25): warning C4018:  '<': signed/unsigned mismatch
C:\Users\noah\source\repos\UniqueSolution\UniqueSolution.cpp(454,24): warning C4018:  '<': signed/unsigned mismatch
C:\Users\noah\source\repos\UniqueSolution\UniqueSolution.cpp(462,24): warning C4018:  '<': signed/unsigned mismatch
C:\Users\noah\source\repos\UniqueSolution\UniqueSolution.cpp(464,26): warning C4018:  '<': signed/unsigned mismatch
C:\Users\noah\source\repos\UniqueSolution\UniqueSolution.cpp(472,26): warning C4018:  '<': signed/unsigned mismatch
C:\Users\noah\source\repos\UniqueSolution\UniqueSolution.cpp(487,20): warning C4018:  '<': signed/unsigned mismatch
C:\Users\noah\source\repos\UniqueSolution\UniqueSolution.cpp(491,20): warning C4018:  '<': signed/unsigned mismatch
C:\Users\noah\source\repos\UniqueSolution\UniqueSolution.cpp(495,20): warning C4018:  '<': signed/unsigned mismatch
C:\Users\noah\source\repos\UniqueSolution\UniqueSolution.cpp(499,20): warning C4018:  '<': signed/unsigned mismatch
C:\Users\noah\source\repos\UniqueSolution\UniqueSolution.cpp(503,20): warning C4018:  '<': signed/unsigned mismatch
C:\Users\noah\source\repos\UniqueSolution\UniqueSolution.cpp(507,20): warning C4018:  '<': signed/unsigned mismatch
C:\Users\noah\source\repos\UniqueSolution\UniqueSolution.cpp(214): warning C4715:  'checkCloser': not all control paths return a value
C:\Users\noah\source\repos\UniqueSolution\UniqueSolution.cpp(381): warning C4715:  'powcheckCloser': not all control paths return a value
  UniqueSolution.vcxproj -> C:\Users\noah\source\repos\UniqueSolution\Debug\UniqueSolution.exe
