  UniqueSolution.cpp
C:\Users\noah\source\repos\UniqueSolution\UniqueSolution.cpp(17,16): warning C4244:  'argument': conversion from 'double' to 'const unsigned int', possible loss of data
C:\Users\noah\source\repos\UniqueSolution\UniqueSolution.cpp(17,27): warning C4244:  'argument': conversion from 'double' to 'const unsigned int', possible loss of data
C:\Users\noah\source\repos\UniqueSolution\UniqueSolution.cpp(25,42): warning C4244:  'argument': conversion from 'double' to 'const unsigned int', possible loss of data
C:\Users\noah\source\repos\UniqueSolution\UniqueSolution.cpp(25,45): warning C4244:  'argument': conversion from 'double' to 'const unsigned int', possible loss of data
C:\Users\noah\source\repos\UniqueSolution\UniqueSolution.cpp(25,27): warning C4018:  '<': signed/unsigned mismatch
C:\Users\noah\source\repos\UniqueSolution\UniqueSolution.cpp(27,26): warning C4244:  'argument': conversion from 'double' to 'const unsigned int', possible loss of data
C:\Users\noah\source\repos\UniqueSolution\UniqueSolution.cpp(27,29): warning C4244:  'argument': conversion from 'double' to 'const unsigned int', possible loss of data
C:\Users\noah\source\repos\UniqueSolution\UniqueSolution.cpp(32,37): warning C4244:  'argument': conversion from 'double' to 'const unsigned int', possible loss of data
C:\Users\noah\source\repos\UniqueSolution\UniqueSolution.cpp(32,40): warning C4244:  'argument': conversion from 'double' to 'const unsigned int', possible loss of data
C:\Users\noah\source\repos\UniqueSolution\UniqueSolution.cpp(36,38): warning C4244:  'argument': conversion from 'double' to 'const unsigned int', possible loss of data
C:\Users\noah\source\repos\UniqueSolution\UniqueSolution.cpp(36,41): warning C4244:  'argument': conversion from 'double' to 'const unsigned int', possible loss of data
C:\Users\noah\source\repos\UniqueSolution\UniqueSolution.cpp(45,22): warning C4244:  'argument': conversion from 'double' to 'const unsigned int', possible loss of data
C:\Users\noah\source\repos\UniqueSolution\UniqueSolution.cpp(45,25): warning C4244:  'argument': conversion from 'double' to 'const unsigned int', possible loss of data
C:\Users\noah\source\repos\UniqueSolution\UniqueSolution.cpp(49,23): warning C4244:  'argument': conversion from 'double' to 'const unsigned int', possible loss of data
C:\Users\noah\source\repos\UniqueSolution\UniqueSolution.cpp(49,26): warning C4244:  'argument': conversion from 'double' to 'const unsigned int', possible loss of data
C:\Users\noah\source\repos\UniqueSolution\UniqueSolution.cpp(52,23): warning C4244:  'argument': conversion from 'double' to 'const unsigned int', possible loss of data
C:\Users\noah\source\repos\UniqueSolution\UniqueSolution.cpp(52,26): warning C4244:  'argument': conversion from 'double' to 'const unsigned int', possible loss of data
C:\Users\noah\source\repos\UniqueSolution\UniqueSolution.cpp(59,42): warning C4244:  'argument': conversion from 'double' to 'const unsigned int', possible loss of data
C:\Users\noah\source\repos\UniqueSolution\UniqueSolution.cpp(59,45): warning C4244:  'argument': conversion from 'double' to 'const unsigned int', possible loss of data
C:\Users\noah\source\repos\UniqueSolution\UniqueSolution.cpp(59,27): warning C4018:  '<': signed/unsigned mismatch
C:\Users\noah\source\repos\UniqueSolution\UniqueSolution.cpp(61,26): warning C4244:  'argument': conversion from 'double' to 'const unsigned int', possible loss of data
C:\Users\noah\source\repos\UniqueSolution\UniqueSolution.cpp(61,29): warning C4244:  'argument': conversion from 'double' to 'const unsigned int', possible loss of data
C:\Users\noah\source\repos\UniqueSolution\UniqueSolution.cpp(67,27): warning C4244:  'argument': conversion from 'double' to 'const unsigned int', possible loss of data
C:\Users\noah\source\repos\UniqueSolution\UniqueSolution.cpp(67,30): warning C4244:  'argument': conversion from 'double' to 'const unsigned int', possible loss of data
C:\Users\noah\source\repos\UniqueSolution\UniqueSolution.cpp(71,31): warning C4244:  'argument': conversion from 'double' to 'const unsigned int', possible loss of data
C:\Users\noah\source\repos\UniqueSolution\UniqueSolution.cpp(71,34): warning C4244:  'argument': conversion from 'double' to 'const unsigned int', possible loss of data
C:\Users\noah\source\repos\UniqueSolution\UniqueSolution.cpp(79,22): warning C4244:  'argument': conversion from 'double' to 'const unsigned int', possible loss of data
C:\Users\noah\source\repos\UniqueSolution\UniqueSolution.cpp(79,25): warning C4244:  'argument': conversion from 'double' to 'const unsigned int', possible loss of data
C:\Users\noah\source\repos\UniqueSolution\UniqueSolution.cpp(84,23): warning C4244:  'argument': conversion from 'double' to 'const unsigned int', possible loss of data
C:\Users\noah\source\repos\UniqueSolution\UniqueSolution.cpp(84,26): warning C4244:  'argument': conversion from 'double' to 'const unsigned int', possible loss of data
C:\Users\noah\source\repos\UniqueSolution\UniqueSolution.cpp(87,23): warning C4244:  'argument': conversion from 'double' to 'const unsigned int', possible loss of data
C:\Users\noah\source\repos\UniqueSolution\UniqueSolution.cpp(87,26): warning C4244:  'argument': conversion from 'double' to 'const unsigned int', possible loss of data
C:\Users\noah\source\repos\UniqueSolution\UniqueSolution.cpp(94,42): warning C4244:  'argument': conversion from 'double' to 'const unsigned int', possible loss of data
C:\Users\noah\source\repos\UniqueSolution\UniqueSolution.cpp(94,45): warning C4244:  'argument': conversion from 'double' to 'const unsigned int', possible loss of data
C:\Users\noah\source\repos\UniqueSolution\UniqueSolution.cpp(94,27): warning C4018:  '<': signed/unsigned mismatch
C:\Users\noah\source\repos\UniqueSolution\UniqueSolution.cpp(95,25): warning C4244:  'argument': conversion from 'double' to 'const unsigned int', possible loss of data
C:\Users\noah\source\repos\UniqueSolution\UniqueSolution.cpp(95,28): warning C4244:  'argument': conversion from 'double' to 'const unsigned int', possible loss of data
C:\Users\noah\source\repos\UniqueSolution\UniqueSolution.cpp(100,21): warning C4244:  'argument': conversion from 'double' to 'const unsigned int', possible loss of data
C:\Users\noah\source\repos\UniqueSolution\UniqueSolution.cpp(100,24): warning C4244:  'argument': conversion from 'double' to 'const unsigned int', possible loss of data
C:\Users\noah\source\repos\UniqueSolution\UniqueSolution.cpp(105,42): warning C4244:  'argument': conversion from 'double' to 'const unsigned int', possible loss of data
C:\Users\noah\source\repos\UniqueSolution\UniqueSolution.cpp(105,45): warning C4244:  'argument': conversion from 'double' to 'const unsigned int', possible loss of data
C:\Users\noah\source\repos\UniqueSolution\UniqueSolution.cpp(105,27): warning C4018:  '<': signed/unsigned mismatch
C:\Users\noah\source\repos\UniqueSolution\UniqueSolution.cpp(106,25): warning C4244:  'argument': conversion from 'double' to 'const unsigned int', possible loss of data
C:\Users\noah\source\repos\UniqueSolution\UniqueSolution.cpp(106,28): warning C4244:  'argument': conversion from 'double' to 'const unsigned int', possible loss of data
C:\Users\noah\source\repos\UniqueSolution\UniqueSolution.cpp(111,21): warning C4244:  'argument': conversion from 'double' to 'const unsigned int', possible loss of data
C:\Users\noah\source\repos\UniqueSolution\UniqueSolution.cpp(111,24): warning C4244:  'argument': conversion from 'double' to 'const unsigned int', possible loss of data
C:\Users\noah\source\repos\UniqueSolution\UniqueSolution.cpp(116,42): warning C4244:  'argument': conversion from 'double' to 'const unsigned int', possible loss of data
C:\Users\noah\source\repos\UniqueSolution\UniqueSolution.cpp(116,45): warning C4244:  'argument': conversion from 'double' to 'const unsigned int', possible loss of data
C:\Users\noah\source\repos\UniqueSolution\UniqueSolution.cpp(116,27): warning C4018:  '<': signed/unsigned mismatch
C:\Users\noah\source\repos\UniqueSolution\UniqueSolution.cpp(117,25): warning C4244:  'argument': conversion from 'double' to 'const unsigned int', possible loss of data
C:\Users\noah\source\repos\UniqueSolution\UniqueSolution.cpp(117,28): warning C4244:  'argument': conversion from 'double' to 'const unsigned int', possible loss of data
C:\Users\noah\source\repos\UniqueSolution\UniqueSolution.cpp(122,21): warning C4244:  'argument': conversion from 'double' to 'const unsigned int', possible loss of data
C:\Users\noah\source\repos\UniqueSolution\UniqueSolution.cpp(122,24): warning C4244:  'argument': conversion from 'double' to 'const unsigned int', possible loss of data
C:\Users\noah\source\repos\UniqueSolution\UniqueSolution.cpp(127,42): warning C4244:  'argument': conversion from 'double' to 'const unsigned int', possible loss of data
C:\Users\noah\source\repos\UniqueSolution\UniqueSolution.cpp(127,45): warning C4244:  'argument': conversion from 'double' to 'const unsigned int', possible loss of data
C:\Users\noah\source\repos\UniqueSolution\UniqueSolution.cpp(127,27): warning C4018:  '<': signed/unsigned mismatch
C:\Users\noah\source\repos\UniqueSolution\UniqueSolution.cpp(128,25): warning C4244:  'argument': conversion from 'double' to 'const unsigned int', possible loss of data
C:\Users\noah\source\repos\UniqueSolution\UniqueSolution.cpp(128,28): warning C4244:  'argument': conversion from 'double' to 'const unsigned int', possible loss of data
C:\Users\noah\source\repos\UniqueSolution\UniqueSolution.cpp(133,21): warning C4244:  'argument': conversion from 'double' to 'const unsigned int', possible loss of data
C:\Users\noah\source\repos\UniqueSolution\UniqueSolution.cpp(133,24): warning C4244:  'argument': conversion from 'double' to 'const unsigned int', possible loss of data
C:\Users\noah\source\repos\UniqueSolution\UniqueSolution.cpp(169,20): warning C4018:  '<': signed/unsigned mismatch
C:\Users\noah\source\repos\UniqueSolution\UniqueSolution.cpp(194,22): warning C4018:  '<': signed/unsigned mismatch
C:\Users\noah\source\repos\UniqueSolution\UniqueSolution.cpp(195,33): warning C4244:  'argument': conversion from '_Ty' to 'const unsigned int', possible loss of data
C:\Users\noah\source\repos\UniqueSolution\UniqueSolution.cpp(195,33): warning C4244:         with
C:\Users\noah\source\repos\UniqueSolution\UniqueSolution.cpp(195,33): warning C4244:         [
C:\Users\noah\source\repos\UniqueSolution\UniqueSolution.cpp(195,33): warning C4244:             _Ty=double
C:\Users\noah\source\repos\UniqueSolution\UniqueSolution.cpp(195,33): warning C4244:         ]
C:\Users\noah\source\repos\UniqueSolution\UniqueSolution.cpp(195,82): warning C4244:  'argument': conversion from '_Ty' to 'const unsigned int', possible loss of data
C:\Users\noah\source\repos\UniqueSolution\UniqueSolution.cpp(195,82): warning C4244:         with
C:\Users\noah\source\repos\UniqueSolution\UniqueSolution.cpp(195,82): warning C4244:         [
C:\Users\noah\source\repos\UniqueSolution\UniqueSolution.cpp(195,82): warning C4244:             _Ty=double
C:\Users\noah\source\repos\UniqueSolution\UniqueSolution.cpp(195,82): warning C4244:         ]
C:\Users\noah\source\repos\UniqueSolution\UniqueSolution.cpp(196,34): warning C4244:  'argument': conversion from '_Ty' to 'const unsigned int', possible loss of data
C:\Users\noah\source\repos\UniqueSolution\UniqueSolution.cpp(196,34): warning C4244:         with
C:\Users\noah\source\repos\UniqueSolution\UniqueSolution.cpp(196,34): warning C4244:         [
C:\Users\noah\source\repos\UniqueSolution\UniqueSolution.cpp(196,34): warning C4244:             _Ty=double
C:\Users\noah\source\repos\UniqueSolution\UniqueSolution.cpp(196,34): warning C4244:         ]
C:\Users\noah\source\repos\UniqueSolution\UniqueSolution.cpp(202,106): warning C4244:  'argument': conversion from 'double' to 'const unsigned int', possible loss of data
C:\Users\noah\source\repos\UniqueSolution\UniqueSolution.cpp(202,134): warning C4244:  'argument': conversion from 'double' to 'const unsigned int', possible loss of data
C:\Users\noah\source\repos\UniqueSolution\UniqueSolution.cpp(208,33): warning C4244:  'argument': conversion from '_Ty' to 'const unsigned int', possible loss of data
C:\Users\noah\source\repos\UniqueSolution\UniqueSolution.cpp(208,33): warning C4244:         with
C:\Users\noah\source\repos\UniqueSolution\UniqueSolution.cpp(208,33): warning C4244:         [
C:\Users\noah\source\repos\UniqueSolution\UniqueSolution.cpp(208,33): warning C4244:             _Ty=double
C:\Users\noah\source\repos\UniqueSolution\UniqueSolution.cpp(208,33): warning C4244:         ]
C:\Users\noah\source\repos\UniqueSolution\UniqueSolution.cpp(208,81): warning C4244:  'argument': conversion from '_Ty' to 'const unsigned int', possible loss of data
C:\Users\noah\source\repos\UniqueSolution\UniqueSolution.cpp(208,81): warning C4244:         with
C:\Users\noah\source\repos\UniqueSolution\UniqueSolution.cpp(208,81): warning C4244:         [
C:\Users\noah\source\repos\UniqueSolution\UniqueSolution.cpp(208,81): warning C4244:             _Ty=double
C:\Users\noah\source\repos\UniqueSolution\UniqueSolution.cpp(208,81): warning C4244:         ]
C:\Users\noah\source\repos\UniqueSolution\UniqueSolution.cpp(209,113): warning C4244:  'argument': conversion from 'double' to 'const unsigned int', possible loss of data
C:\Users\noah\source\repos\UniqueSolution\UniqueSolution.cpp(216,33): warning C4244:  'argument': conversion from '_Ty' to 'const unsigned int', possible loss of data
C:\Users\noah\source\repos\UniqueSolution\UniqueSolution.cpp(216,33): warning C4244:         with
C:\Users\noah\source\repos\UniqueSolution\UniqueSolution.cpp(216,33): warning C4244:         [
C:\Users\noah\source\repos\UniqueSolution\UniqueSolution.cpp(216,33): warning C4244:             _Ty=double
C:\Users\noah\source\repos\UniqueSolution\UniqueSolution.cpp(216,33): warning C4244:         ]
C:\Users\noah\source\repos\UniqueSolution\UniqueSolution.cpp(216,82): warning C4244:  'argument': conversion from '_Ty' to 'const unsigned int', possible loss of data
C:\Users\noah\source\repos\UniqueSolution\UniqueSolution.cpp(216,82): warning C4244:         with
C:\Users\noah\source\repos\UniqueSolution\UniqueSolution.cpp(216,82): warning C4244:         [
C:\Users\noah\source\repos\UniqueSolution\UniqueSolution.cpp(216,82): warning C4244:             _Ty=double
C:\Users\noah\source\repos\UniqueSolution\UniqueSolution.cpp(216,82): warning C4244:         ]
C:\Users\noah\source\repos\UniqueSolution\UniqueSolution.cpp(217,34): warning C4244:  'argument': conversion from '_Ty' to 'const unsigned int', possible loss of data
C:\Users\noah\source\repos\UniqueSolution\UniqueSolution.cpp(217,34): warning C4244:         with
C:\Users\noah\source\repos\UniqueSolution\UniqueSolution.cpp(217,34): warning C4244:         [
C:\Users\noah\source\repos\UniqueSolution\UniqueSolution.cpp(217,34): warning C4244:             _Ty=double
C:\Users\noah\source\repos\UniqueSolution\UniqueSolution.cpp(217,34): warning C4244:         ]
C:\Users\noah\source\repos\UniqueSolution\UniqueSolution.cpp(223,112): warning C4244:  'argument': conversion from 'double' to 'const unsigned int', possible loss of data
C:\Users\noah\source\repos\UniqueSolution\UniqueSolution.cpp(223,144): warning C4244:  'argument': conversion from 'double' to 'const unsigned int', possible loss of data
C:\Users\noah\source\repos\UniqueSolution\UniqueSolution.cpp(229,33): warning C4244:  'argument': conversion from '_Ty' to 'const unsigned int', possible loss of data
C:\Users\noah\source\repos\UniqueSolution\UniqueSolution.cpp(229,33): warning C4244:         with
C:\Users\noah\source\repos\UniqueSolution\UniqueSolution.cpp(229,33): warning C4244:         [
C:\Users\noah\source\repos\UniqueSolution\UniqueSolution.cpp(229,33): warning C4244:             _Ty=double
C:\Users\noah\source\repos\UniqueSolution\UniqueSolution.cpp(229,33): warning C4244:         ]
C:\Users\noah\source\repos\UniqueSolution\UniqueSolution.cpp(229,81): warning C4244:  'argument': conversion from '_Ty' to 'const unsigned int', possible loss of data
C:\Users\noah\source\repos\UniqueSolution\UniqueSolution.cpp(229,81): warning C4244:         with
C:\Users\noah\source\repos\UniqueSolution\UniqueSolution.cpp(229,81): warning C4244:         [
C:\Users\noah\source\repos\UniqueSolution\UniqueSolution.cpp(229,81): warning C4244:             _Ty=double
C:\Users\noah\source\repos\UniqueSolution\UniqueSolution.cpp(229,81): warning C4244:         ]
C:\Users\noah\source\repos\UniqueSolution\UniqueSolution.cpp(230,114): warning C4244:  'argument': conversion from 'double' to 'const unsigned int', possible loss of data
C:\Users\noah\source\repos\UniqueSolution\UniqueSolution.cpp(237,33): warning C4244:  'argument': conversion from '_Ty' to 'const unsigned int', possible loss of data
C:\Users\noah\source\repos\UniqueSolution\UniqueSolution.cpp(237,33): warning C4244:         with
C:\Users\noah\source\repos\UniqueSolution\UniqueSolution.cpp(237,33): warning C4244:         [
C:\Users\noah\source\repos\UniqueSolution\UniqueSolution.cpp(237,33): warning C4244:             _Ty=double
C:\Users\noah\source\repos\UniqueSolution\UniqueSolution.cpp(237,33): warning C4244:         ]
C:\Users\noah\source\repos\UniqueSolution\UniqueSolution.cpp(237,85): warning C4244:  'argument': conversion from '_Ty' to 'const unsigned int', possible loss of data
C:\Users\noah\source\repos\UniqueSolution\UniqueSolution.cpp(237,85): warning C4244:         with
C:\Users\noah\source\repos\UniqueSolution\UniqueSolution.cpp(237,85): warning C4244:         [
C:\Users\noah\source\repos\UniqueSolution\UniqueSolution.cpp(237,85): warning C4244:             _Ty=double
C:\Users\noah\source\repos\UniqueSolution\UniqueSolution.cpp(237,85): warning C4244:         ]
C:\Users\noah\source\repos\UniqueSolution\UniqueSolution.cpp(238,37): warning C4244:  'argument': conversion from '_Ty' to 'const unsigned int', possible loss of data
C:\Users\noah\source\repos\UniqueSolution\UniqueSolution.cpp(238,37): warning C4244:         with
C:\Users\noah\source\repos\UniqueSolution\UniqueSolution.cpp(238,37): warning C4244:         [
C:\Users\noah\source\repos\UniqueSolution\UniqueSolution.cpp(238,37): warning C4244:             _Ty=double
C:\Users\noah\source\repos\UniqueSolution\UniqueSolution.cpp(238,37): warning C4244:         ]
C:\Users\noah\source\repos\UniqueSolution\UniqueSolution.cpp(244,110): warning C4244:  'argument': conversion from 'double' to 'const unsigned int', possible loss of data
C:\Users\noah\source\repos\UniqueSolution\UniqueSolution.cpp(244,145): warning C4244:  'argument': conversion from 'double' to 'const unsigned int', possible loss of data
C:\Users\noah\source\repos\UniqueSolution\UniqueSolution.cpp(250,33): warning C4244:  'argument': conversion from '_Ty' to 'const unsigned int', possible loss of data
C:\Users\noah\source\repos\UniqueSolution\UniqueSolution.cpp(250,33): warning C4244:         with
C:\Users\noah\source\repos\UniqueSolution\UniqueSolution.cpp(250,33): warning C4244:         [
C:\Users\noah\source\repos\UniqueSolution\UniqueSolution.cpp(250,33): warning C4244:             _Ty=double
C:\Users\noah\source\repos\UniqueSolution\UniqueSolution.cpp(250,33): warning C4244:         ]
C:\Users\noah\source\repos\UniqueSolution\UniqueSolution.cpp(250,84): warning C4244:  'argument': conversion from '_Ty' to 'const unsigned int', possible loss of data
C:\Users\noah\source\repos\UniqueSolution\UniqueSolution.cpp(250,84): warning C4244:         with
C:\Users\noah\source\repos\UniqueSolution\UniqueSolution.cpp(250,84): warning C4244:         [
C:\Users\noah\source\repos\UniqueSolution\UniqueSolution.cpp(250,84): warning C4244:             _Ty=double
C:\Users\noah\source\repos\UniqueSolution\UniqueSolution.cpp(250,84): warning C4244:         ]
C:\Users\noah\source\repos\UniqueSolution\UniqueSolution.cpp(251,117): warning C4244:  'argument': conversion from 'double' to 'const unsigned int', possible loss of data
C:\Users\noah\source\repos\UniqueSolution\UniqueSolution.cpp(257,33): warning C4244:  'argument': conversion from '_Ty' to 'const unsigned int', possible loss of data
C:\Users\noah\source\repos\UniqueSolution\UniqueSolution.cpp(257,33): warning C4244:         with
C:\Users\noah\source\repos\UniqueSolution\UniqueSolution.cpp(257,33): warning C4244:         [
C:\Users\noah\source\repos\UniqueSolution\UniqueSolution.cpp(257,33): warning C4244:             _Ty=double
C:\Users\noah\source\repos\UniqueSolution\UniqueSolution.cpp(257,33): warning C4244:         ]
C:\Users\noah\source\repos\UniqueSolution\UniqueSolution.cpp(257,85): warning C4244:  'argument': conversion from '_Ty' to 'const unsigned int', possible loss of data
C:\Users\noah\source\repos\UniqueSolution\UniqueSolution.cpp(257,85): warning C4244:         with
C:\Users\noah\source\repos\UniqueSolution\UniqueSolution.cpp(257,85): warning C4244:         [
C:\Users\noah\source\repos\UniqueSolution\UniqueSolution.cpp(257,85): warning C4244:             _Ty=double
C:\Users\noah\source\repos\UniqueSolution\UniqueSolution.cpp(257,85): warning C4244:         ]
C:\Users\noah\source\repos\UniqueSolution\UniqueSolution.cpp(258,37): warning C4244:  'argument': conversion from '_Ty' to 'const unsigned int', possible loss of data
C:\Users\noah\source\repos\UniqueSolution\UniqueSolution.cpp(258,37): warning C4244:         with
C:\Users\noah\source\repos\UniqueSolution\UniqueSolution.cpp(258,37): warning C4244:         [
C:\Users\noah\source\repos\UniqueSolution\UniqueSolution.cpp(258,37): warning C4244:             _Ty=double
C:\Users\noah\source\repos\UniqueSolution\UniqueSolution.cpp(258,37): warning C4244:         ]
C:\Users\noah\source\repos\UniqueSolution\UniqueSolution.cpp(264,110): warning C4244:  'argument': conversion from 'double' to 'const unsigned int', possible loss of data
C:\Users\noah\source\repos\UniqueSolution\UniqueSolution.cpp(264,145): warning C4244:  'argument': conversion from 'double' to 'const unsigned int', possible loss of data
C:\Users\noah\source\repos\UniqueSolution\UniqueSolution.cpp(270,33): warning C4244:  'argument': conversion from '_Ty' to 'const unsigned int', possible loss of data
C:\Users\noah\source\repos\UniqueSolution\UniqueSolution.cpp(270,33): warning C4244:         with
C:\Users\noah\source\repos\UniqueSolution\UniqueSolution.cpp(270,33): warning C4244:         [
C:\Users\noah\source\repos\UniqueSolution\UniqueSolution.cpp(270,33): warning C4244:             _Ty=double
C:\Users\noah\source\repos\UniqueSolution\UniqueSolution.cpp(270,33): warning C4244:         ]
C:\Users\noah\source\repos\UniqueSolution\UniqueSolution.cpp(270,84): warning C4244:  'argument': conversion from '_Ty' to 'const unsigned int', possible loss of data
C:\Users\noah\source\repos\UniqueSolution\UniqueSolution.cpp(270,84): warning C4244:         with
C:\Users\noah\source\repos\UniqueSolution\UniqueSolution.cpp(270,84): warning C4244:         [
C:\Users\noah\source\repos\UniqueSolution\UniqueSolution.cpp(270,84): warning C4244:             _Ty=double
C:\Users\noah\source\repos\UniqueSolution\UniqueSolution.cpp(270,84): warning C4244:         ]
C:\Users\noah\source\repos\UniqueSolution\UniqueSolution.cpp(271,117): warning C4244:  'argument': conversion from 'double' to 'const unsigned int', possible loss of data
C:\Users\noah\source\repos\UniqueSolution\UniqueSolution.cpp(279,22): warning C4018:  '<': signed/unsigned mismatch
C:\Users\noah\source\repos\UniqueSolution\UniqueSolution.cpp(358,40): warning C4244:  'argument': conversion from 'double' to 'const unsigned int', possible loss of data
C:\Users\noah\source\repos\UniqueSolution\UniqueSolution.cpp(358,84): warning C4244:  'argument': conversion from 'double' to 'const unsigned int', possible loss of data
C:\Users\noah\source\repos\UniqueSolution\UniqueSolution.cpp(394,23): warning C4018:  '<': signed/unsigned mismatch
C:\Users\noah\source\repos\UniqueSolution\UniqueSolution.cpp(400,28): warning C4244:  'argument': conversion from 'double' to 'const unsigned int', possible loss of data
C:\Users\noah\source\repos\UniqueSolution\UniqueSolution.cpp(401,32): warning C4244:  'argument': conversion from 'double' to 'const unsigned int', possible loss of data
C:\Users\noah\source\repos\UniqueSolution\UniqueSolution.cpp(402,32): warning C4244:  'argument': conversion from 'double' to 'const unsigned int', possible loss of data
C:\Users\noah\source\repos\UniqueSolution\UniqueSolution.cpp(403,35): warning C4244:  'argument': conversion from 'double' to 'const unsigned int', possible loss of data
C:\Users\noah\source\repos\UniqueSolution\UniqueSolution.cpp(404,35): warning C4244:  'argument': conversion from 'double' to 'const unsigned int', possible loss of data
C:\Users\noah\source\repos\UniqueSolution\UniqueSolution.cpp(407,23): warning C4018:  '<': signed/unsigned mismatch
C:\Users\noah\source\repos\UniqueSolution\UniqueSolution.cpp(418,25): warning C4018:  '<': signed/unsigned mismatch
C:\Users\noah\source\repos\UniqueSolution\UniqueSolution.cpp(429,25): warning C4018:  '<': signed/unsigned mismatch
C:\Users\noah\source\repos\UniqueSolution\UniqueSolution.cpp(439,25): warning C4018:  '<': signed/unsigned mismatch
C:\Users\noah\source\repos\UniqueSolution\UniqueSolution.cpp(450,25): warning C4018:  '<': signed/unsigned mismatch
C:\Users\noah\source\repos\UniqueSolution\UniqueSolution.cpp(460,25): warning C4018:  '<': signed/unsigned mismatch
C:\Users\noah\source\repos\UniqueSolution\UniqueSolution.cpp(471,25): warning C4018:  '<': signed/unsigned mismatch
C:\Users\noah\source\repos\UniqueSolution\UniqueSolution.cpp(482,25): warning C4018:  '<': signed/unsigned mismatch
C:\Users\noah\source\repos\UniqueSolution\UniqueSolution.cpp(493,25): warning C4018:  '<': signed/unsigned mismatch
C:\Users\noah\source\repos\UniqueSolution\UniqueSolution.cpp(502,24): warning C4018:  '<': signed/unsigned mismatch
C:\Users\noah\source\repos\UniqueSolution\UniqueSolution.cpp(514,20): warning C4018:  '<': signed/unsigned mismatch
C:\Users\noah\source\repos\UniqueSolution\UniqueSolution.cpp(518,20): warning C4018:  '<': signed/unsigned mismatch
C:\Users\noah\source\repos\UniqueSolution\UniqueSolution.cpp(522,20): warning C4018:  '<': signed/unsigned mismatch
C:\Users\noah\source\repos\UniqueSolution\UniqueSolution.cpp(526,20): warning C4018:  '<': signed/unsigned mismatch
C:\Users\noah\source\repos\UniqueSolution\UniqueSolution.cpp(530,20): warning C4018:  '<': signed/unsigned mismatch
C:\Users\noah\source\repos\UniqueSolution\UniqueSolution.cpp(534,20): warning C4018:  '<': signed/unsigned mismatch
C:\Users\noah\source\repos\UniqueSolution\UniqueSolution.cpp(550,22): warning C4018:  '<': signed/unsigned mismatch
C:\Users\noah\source\repos\UniqueSolution\UniqueSolution.cpp(551,22): warning C4244:  'argument': conversion from 'double' to 'const unsigned int', possible loss of data
C:\Users\noah\source\repos\UniqueSolution\UniqueSolution.cpp(551,75): warning C4244:  'argument': conversion from 'double' to 'const unsigned int', possible loss of data
C:\Users\noah\source\repos\UniqueSolution\UniqueSolution.cpp(556,23): warning C4244:  'argument': conversion from 'double' to 'const unsigned int', possible loss of data
C:\Users\noah\source\repos\UniqueSolution\UniqueSolution.cpp(556,78): warning C4244:  'argument': conversion from 'double' to 'const unsigned int', possible loss of data
C:\Users\noah\source\repos\UniqueSolution\UniqueSolution.cpp(563,22): warning C4018:  '<': signed/unsigned mismatch
C:\Users\noah\source\repos\UniqueSolution\UniqueSolution.cpp(563,43): warning C4018:  '<': signed/unsigned mismatch
C:\Users\noah\source\repos\UniqueSolution\UniqueSolution.cpp(565,41): warning C4244:  'argument': conversion from 'double' to 'const unsigned int', possible loss of data
C:\Users\noah\source\repos\UniqueSolution\UniqueSolution.cpp(565,94): warning C4244:  'argument': conversion from 'double' to 'const unsigned int', possible loss of data
C:\Users\noah\source\repos\UniqueSolution\UniqueSolution.cpp(568,41): warning C4244:  'argument': conversion from 'double' to 'const unsigned int', possible loss of data
C:\Users\noah\source\repos\UniqueSolution\UniqueSolution.cpp(568,95): warning C4244:  'argument': conversion from 'double' to 'const unsigned int', possible loss of data
C:\Users\noah\source\repos\UniqueSolution\UniqueSolution.cpp(604,23): warning C4018:  '<': signed/unsigned mismatch
C:\Users\noah\source\repos\UniqueSolution\UniqueSolution.cpp(610,28): warning C4244:  'argument': conversion from 'double' to 'const unsigned int', possible loss of data
C:\Users\noah\source\repos\UniqueSolution\UniqueSolution.cpp(611,32): warning C4244:  'argument': conversion from 'double' to 'const unsigned int', possible loss of data
C:\Users\noah\source\repos\UniqueSolution\UniqueSolution.cpp(612,32): warning C4244:  'argument': conversion from 'double' to 'const unsigned int', possible loss of data
C:\Users\noah\source\repos\UniqueSolution\UniqueSolution.cpp(615,23): warning C4018:  '<': signed/unsigned mismatch
C:\Users\noah\source\repos\UniqueSolution\UniqueSolution.cpp(623,25): warning C4018:  '<': signed/unsigned mismatch
C:\Users\noah\source\repos\UniqueSolution\UniqueSolution.cpp(630,25): warning C4018:  '<': signed/unsigned mismatch
C:\Users\noah\source\repos\UniqueSolution\UniqueSolution.cpp(640,25): warning C4018:  '<': signed/unsigned mismatch
C:\Users\noah\source\repos\UniqueSolution\UniqueSolution.cpp(647,25): warning C4018:  '<': signed/unsigned mismatch
C:\Users\noah\source\repos\UniqueSolution\UniqueSolution.cpp(657,24): warning C4018:  '<': signed/unsigned mismatch
C:\Users\noah\source\repos\UniqueSolution\UniqueSolution.cpp(665,24): warning C4018:  '<': signed/unsigned mismatch
C:\Users\noah\source\repos\UniqueSolution\UniqueSolution.cpp(667,26): warning C4018:  '<': signed/unsigned mismatch
C:\Users\noah\source\repos\UniqueSolution\UniqueSolution.cpp(675,26): warning C4018:  '<': signed/unsigned mismatch
C:\Users\noah\source\repos\UniqueSolution\UniqueSolution.cpp(690,20): warning C4018:  '<': signed/unsigned mismatch
C:\Users\noah\source\repos\UniqueSolution\UniqueSolution.cpp(694,20): warning C4018:  '<': signed/unsigned mismatch
C:\Users\noah\source\repos\UniqueSolution\UniqueSolution.cpp(698,20): warning C4018:  '<': signed/unsigned mismatch
C:\Users\noah\source\repos\UniqueSolution\UniqueSolution.cpp(702,20): warning C4018:  '<': signed/unsigned mismatch
C:\Users\noah\source\repos\UniqueSolution\UniqueSolution.cpp(706,20): warning C4018:  '<': signed/unsigned mismatch
C:\Users\noah\source\repos\UniqueSolution\UniqueSolution.cpp(710,20): warning C4018:  '<': signed/unsigned mismatch
C:\Users\noah\source\repos\UniqueSolution\UniqueSolution.cpp(584): warning C4715:  'powcheckCloser': not all control paths return a value
  UniqueSolution.vcxproj -> C:\Users\noah\source\repos\UniqueSolution\Debug\UniqueSolution.exe
